<?xml version="1.0" encoding="UTF-8"?>
<!-- Generated by org.testng.reporters.JUnitReportReporter -->
<testsuite hostname="DESKTOP-LOQ3JTI" failures="0" tests="5" name="com.qa.opencart.tests.LoginPageTest" time="1.693" errors="0" timestamp="2025-05-17T09:49:19 IST" skipped="1">
  <testcase classname="com.qa.opencart.tests.LoginPageTest" name="forgotPwdLinkExistTest" time="0.161"/>
  <system-out/>
  <testcase classname="com.qa.opencart.tests.LoginPageTest" name="loginPageTitleTest" time="0.068"/>
  <system-out/>
  <testcase classname="com.qa.opencart.tests.LoginPageTest" name="loginPageURLTest" time="0.040"/>
  <system-out/>
  <testcase classname="com.qa.opencart.tests.LoginPageTest" name="doLoginTest" time="1.424"/>
  <system-out/>
  <testcase classname="com.qa.opencart.tests.LoginPageTest" name="forgotPwd">
    <skipped/>
  </testcase> <!-- forgotPwd -->
  <system-out/>
</testsuite> <!-- com.qa.opencart.tests.LoginPageTest -->
